  PBRBox.cpp
c:\users\hector\documents\github\pbrbox\pbrbox\TextureDescriptor.h(90): warning C4800: 'const char *': forcing value to bool 'true' or 'false' (performance warning)
c:\users\hector\documents\github\pbrbox\pbrbox\MouseKeyboardInput.h(38): warning C4305: 'argument': truncation from 'double' to 'float'
c:\users\hector\documents\github\pbrbox\pbrbox\MouseKeyboardInput.h(39): warning C4305: 'argument': truncation from 'double' to 'float'
c:\users\hector\documents\github\pbrbox\pbrbox\MouseKeyboardInput.h(40): warning C4305: 'argument': truncation from 'double' to 'float'
c:\users\hector\documents\github\pbrbox\pbrbox\MouseKeyboardInput.h(41): warning C4305: 'argument': truncation from 'double' to 'float'
c:\users\hector\documents\github\pbrbox\pbrbox\MouseKeyboardInput.h(67): warning C4244: 'argument': conversion from 'double' to 'float', possible loss of data
c:\users\hector\documents\github\pbrbox\pbrbox\MouseKeyboardInput.h(68): warning C4244: 'argument': conversion from 'double' to 'float', possible loss of data
c:\users\hector\documents\github\pbrbox\pbrbox\MouseKeyboardInput.h(72): warning C4244: 'argument': conversion from 'double' to 'float', possible loss of data
c:\users\hector\documents\github\pbrbox\pbrbox\MouseKeyboardInput.h(77): warning C4244: 'argument': conversion from 'double' to 'float', possible loss of data
c:\users\hector\documents\github\pbrbox\pbrbox\ModelNode.h(53): warning C4267: 'return': conversion from 'size_t' to 'int', possible loss of data
c:\users\hector\documents\github\pbrbox\pbrbox\ModelNode.h(54): warning C4267: 'return': conversion from 'size_t' to 'int', possible loss of data
c:\users\hector\documents\github\pbrbox\pbrbox\Geometry.h(106): warning C4267: 'return': conversion from 'size_t' to 'unsigned int', possible loss of data
c:\users\hector\documents\github\pbrbox\pbrbox\Shader.h(136): warning C4018: '<': signed/unsigned mismatch
c:\users\hector\documents\github\pbrbox\pbrbox\GeometryUtil.h(79): warning C4244: 'initializing': conversion from 'double' to 'float', possible loss of data
c:\users\hector\documents\github\pbrbox\pbrbox\GeometryUtil.h(84): warning C4244: 'initializing': conversion from 'double' to 'float', possible loss of data
c:\users\hector\documents\github\pbrbox\pbrbox\GeometryUtil.h(104): warning C4018: '<': signed/unsigned mismatch
c:\users\hector\documents\github\pbrbox\pbrbox\GeometryUtil.h(126): warning C4244: 'initializing': conversion from 'double' to 'float', possible loss of data
c:\users\hector\documents\github\pbrbox\pbrbox\GeometryUtil.h(127): warning C4244: 'initializing': conversion from 'double' to 'float', possible loss of data
c:\users\hector\documents\github\pbrbox\pbrbox\GeometryUtil.h(128): warning C4244: 'initializing': conversion from 'double' to 'float', possible loss of data
c:\users\hector\documents\github\pbrbox\pbrbox\SceneNode.h(79): warning C4267: 'return': conversion from 'size_t' to 'unsigned int', possible loss of data
c:\users\hector\documents\github\pbrbox\pbrbox\Renderer.h(81): warning C4244: 'argument': conversion from 'float' to 'GLsizei', possible loss of data
c:\users\hector\documents\github\pbrbox\pbrbox\MathUtil.h(8): warning C4305: 'argument': truncation from 'double' to 'float'
c:\users\hector\documents\github\pbrbox\pbrbox\FluentMesh.h(28): warning C4244: '=': conversion from 'float' to 'int', possible loss of data
c:\users\hector\documents\github\pbrbox\pbrbox\FluentMesh.h(48): warning C4267: 'initializing': conversion from 'size_t' to 'int', possible loss of data
c:\users\hector\documents\github\pbrbox\pbrbox\FluentMesh.h(64): warning C4267: 'initializing': conversion from 'size_t' to 'int', possible loss of data
c:\users\hector\documents\github\pbrbox\pbrbox\FluentMesh.h(65): warning C4267: 'initializing': conversion from 'size_t' to 'int', possible loss of data
c:\users\hector\documents\github\pbrbox\pbrbox\FluentMesh.h(82): warning C4267: 'initializing': conversion from 'size_t' to 'int', possible loss of data
c:\users\hector\documents\github\pbrbox\pbrbox\FluentMesh.h(189): warning C4267: 'initializing': conversion from 'size_t' to 'int', possible loss of data
c:\users\hector\documents\github\pbrbox\pbrbox\FluentMesh.h(332): warning C4018: '<': signed/unsigned mismatch
c:\users\hector\documents\github\pbrbox\pbrbox\FluentMesh.h(338): warning C4018: '<': signed/unsigned mismatch
c:\users\hector\documents\github\pbrbox\pbrbox\FluentMesh.h(348): warning C4018: '<': signed/unsigned mismatch
c:\users\hector\documents\github\pbrbox\pbrbox\FluentMesh.h(357): warning C4018: '<': signed/unsigned mismatch
PBRBox.cpp(71): warning C4244: 'argument': conversion from 'GLsizei' to 'float', possible loss of data
PBRBox.cpp(205): warning C4305: 'argument': truncation from 'double' to 'float'
PBRBox.cpp(476): warning C4305: 'argument': truncation from 'double' to 'GLclampf'
c:\users\hector\documents\github\pbrbox\pbrbox\ResourceManager.h(49): warning C4267: '=': conversion from 'size_t' to 'int', possible loss of data
  c:\users\hector\documents\github\pbrbox\pbrbox\ResourceManager.h(23): note: see reference to function template instantiation 'Loader<Texture> *ResourceManager::getLoader<T>(std::type_index,std::string)' being compiled
          with
          [
              T=Texture
          ]
  PBRBox.cpp(101): note: see reference to function template instantiation 'T *ResourceManager::load<Texture>(std::string)' being compiled
          with
          [
              T=Texture
          ]
  Generating code
c:\users\hector\documents\github\pbrbox\pbrbox\modelloader.cpp(37): warning C4715: 'ModelLoader::load': not all control paths return a value
  All 2653 functions were compiled because no usable IPDB/IOBJ from previous compilation was found.
  Finished generating code
  PBRBox.vcxproj -> C:\Users\Hector\Documents\GitHub\PBRBox\x64\Release\PBRBox.exe
