c:\users\javi\documents\github\pbrbox\pbrbox\x64\release\pbrbox.pch
c:\users\javi\documents\github\pbrbox\pbrbox\x64\release\vc140.pdb
c:\users\javi\documents\github\pbrbox\pbrbox\x64\release\stdafx.obj
c:\users\javi\documents\github\pbrbox\pbrbox\x64\release\modelnode.obj
c:\users\javi\documents\github\pbrbox\pbrbox\x64\release\modelloader.obj
c:\users\javi\documents\github\pbrbox\pbrbox\x64\release\modelinstance.obj
c:\users\javi\documents\github\pbrbox\pbrbox\x64\release\model.obj
c:\users\javi\documents\github\pbrbox\pbrbox\x64\release\mesh.obj
c:\users\javi\documents\github\pbrbox\pbrbox\x64\release\geometry.obj
c:\users\javi\documents\github\pbrbox\pbrbox\x64\release\camera.obj
c:\users\javi\documents\github\pbrbox\pbrbox\x64\release\pbrbox.obj
c:\users\javi\documents\github\pbrbox\x64\release\pbrbox.exe
c:\users\javi\documents\github\pbrbox\x64\release\pbrbox.ipdb
c:\users\javi\documents\github\pbrbox\x64\release\pbrbox.iobj
c:\users\javi\documents\github\pbrbox\x64\release\pbrbox.pdb
c:\users\javi\documents\github\pbrbox\pbrbox\x64\release\pbrbox.tlog\cl.command.1.tlog
c:\users\javi\documents\github\pbrbox\pbrbox\x64\release\pbrbox.tlog\cl.read.1.tlog
c:\users\javi\documents\github\pbrbox\pbrbox\x64\release\pbrbox.tlog\cl.write.1.tlog
c:\users\javi\documents\github\pbrbox\pbrbox\x64\release\pbrbox.tlog\link.command.1.tlog
c:\users\javi\documents\github\pbrbox\pbrbox\x64\release\pbrbox.tlog\link.read.1.tlog
c:\users\javi\documents\github\pbrbox\pbrbox\x64\release\pbrbox.tlog\link.write.1.tlog
